app/build/intermediates/manifest_merge_blame_file/debug/processDebugMainManifest/manifest-merger-blame-debug-report.txt
1<?xml version="1.0" encoding="utf-8"?>
2<manifest xmlns:android="http://schemas.android.com/apk/res/android"
3    package="com.example.smartshuffle"
4    android:versionCode="1"
5    android:versionName="1.0" >
6
7    <uses-sdk
8        android:minSdkVersion="26"
9        android:targetSdkVersion="34" />
10
11    <uses-permission android:name="android.permission.READ_MEDIA_AUDIO" />
11-->src\main\AndroidManifest.xml:5:5-75
11-->src\main\AndroidManifest.xml:5:22-72
12    <uses-permission
12-->src\main\AndroidManifest.xml:6:5-8:38
13        android:name="android.permission.READ_EXTERNAL_STORAGE"
13-->src\main\AndroidManifest.xml:7:9-64
14        android:maxSdkVersion="32" />
14-->src\main\AndroidManifest.xml:8:9-35
15    <uses-permission android:name="android.permission.FOREGROUND_SERVICE" />
15-->src\main\AndroidManifest.xml:9:5-77
15-->src\main\AndroidManifest.xml:9:22-74
16    <uses-permission android:name="android.permission.FOREGROUND_SERVICE_MEDIA_PLAYBACK" />
16-->src\main\AndroidManifest.xml:10:5-92
16-->src\main\AndroidManifest.xml:10:22-89
17    <uses-permission android:name="android.permission.POST_NOTIFICATIONS" />
17-->src\main\AndroidManifest.xml:11:5-77
17-->src\main\AndroidManifest.xml:11:22-74
18    <uses-permission android:name="android.permission.ACCESS_NETWORK_STATE" />
18-->[androidx.media3:media3-common:1.3.0] AndroidManifest.xml:22:5-79
18-->[androidx.media3:media3-common:1.3.0] AndroidManifest.xml:22:22-76
19    <uses-permission android:name="android.permission.WAKE_LOCK" />
19-->[androidx.work:work-runtime:2.9.0] AndroidManifest.xml:23:5-68
19-->[androidx.work:work-runtime:2.9.0] AndroidManifest.xml:23:22-65
20    <uses-permission android:name="android.permission.RECEIVE_BOOT_COMPLETED" />
20-->[androidx.work:work-runtime:2.9.0] AndroidManifest.xml:25:5-81
20-->[androidx.work:work-runtime:2.9.0] AndroidManifest.xml:25:22-78
21
22    <permission
22-->[androidx.core:core:1.13.1] AndroidManifest.xml:22:5-24:47
23        android:name="com.example.smartshuffle.DYNAMIC_RECEIVER_NOT_EXPORTED_PERMISSION"
23-->[androidx.core:core:1.13.1] AndroidManifest.xml:23:9-81
24        android:protectionLevel="signature" />
24-->[androidx.core:core:1.13.1] AndroidManifest.xml:24:9-44
25
26    <uses-permission android:name="com.example.smartshuffle.DYNAMIC_RECEIVER_NOT_EXPORTED_PERMISSION" />
26-->[androidx.core:core:1.13.1] AndroidManifest.xml:26:5-97
26-->[androidx.core:core:1.13.1] AndroidManifest.xml:26:22-94
27
28    <application
28-->src\main\AndroidManifest.xml:13:5-63:19
29        android:name="com.example.smartshuffle.SmartShuffleApplication"
29-->src\main\AndroidManifest.xml:14:9-48
30        android:allowBackup="true"
30-->src\main\AndroidManifest.xml:15:9-35
31        android:appComponentFactory="androidx.core.app.CoreComponentFactory"
31-->[androidx.core:core:1.13.1] AndroidManifest.xml:28:18-86
32        android:debuggable="true"
33        android:enableOnBackInvokedCallback="true"
33-->src\main\AndroidManifest.xml:21:9-51
34        android:extractNativeLibs="false"
35        android:icon="@mipmap/ic_launcher"
35-->src\main\AndroidManifest.xml:16:9-43
36        android:label="@string/app_name"
36-->src\main\AndroidManifest.xml:18:9-41
37        android:roundIcon="@mipmap/ic_launcher"
37-->src\main\AndroidManifest.xml:17:9-48
38        android:supportsRtl="true"
38-->src\main\AndroidManifest.xml:19:9-35
39        android:testOnly="true"
40        android:theme="@style/Theme.SmartShuffle" >
40-->src\main\AndroidManifest.xml:20:9-50
41        <activity
41-->src\main\AndroidManifest.xml:23:9-31:20
42            android:name="com.example.smartshuffle.MainActivity"
42-->src\main\AndroidManifest.xml:24:13-41
43            android:exported="true"
43-->src\main\AndroidManifest.xml:25:13-36
44            android:theme="@style/Theme.SmartShuffle.Splash" >
44-->src\main\AndroidManifest.xml:26:13-61
45            <intent-filter>
45-->src\main\AndroidManifest.xml:27:13-30:29
46                <action android:name="android.intent.action.MAIN" />
46-->src\main\AndroidManifest.xml:28:17-69
46-->src\main\AndroidManifest.xml:28:25-66
47
48                <category android:name="android.intent.category.LAUNCHER" />
48-->src\main\AndroidManifest.xml:29:17-77
48-->src\main\AndroidManifest.xml:29:27-74
49            </intent-filter>
50        </activity>
51
52        <service
52-->src\main\AndroidManifest.xml:33:9-40:19
53            android:name="com.example.smartshuffle.playback.PlaybackService"
53-->src\main\AndroidManifest.xml:34:13-53
54            android:exported="true"
54-->src\main\AndroidManifest.xml:36:13-36
55            android:foregroundServiceType="mediaPlayback" >
55-->src\main\AndroidManifest.xml:35:13-58
56            <intent-filter>
56-->src\main\AndroidManifest.xml:37:13-39:29
57                <action android:name="androidx.media3.session.MediaSessionService" />
57-->src\main\AndroidManifest.xml:38:17-86
57-->src\main\AndroidManifest.xml:38:25-83
58            </intent-filter>
59        </service>
60
61        <receiver
61-->src\main\AndroidManifest.xml:42:9-51:20
62            android:name="com.example.smartshuffle.ui.widgets.receivers.CyberMediaWidgetReceiver"
62-->src\main\AndroidManifest.xml:43:13-74
63            android:exported="true" >
63-->src\main\AndroidManifest.xml:44:13-36
64            <intent-filter>
64-->src\main\AndroidManifest.xml:45:13-47:29
65                <action android:name="android.appwidget.action.APPWIDGET_UPDATE" />
65-->src\main\AndroidManifest.xml:46:17-84
65-->src\main\AndroidManifest.xml:46:25-81
66            </intent-filter>
67
68            <meta-data
68-->src\main\AndroidManifest.xml:48:13-50:67
69                android:name="android.appwidget.provider"
69-->src\main\AndroidManifest.xml:49:17-58
70                android:resource="@xml/cyber_media_widget_info" />
70-->src\main\AndroidManifest.xml:50:17-64
71        </receiver>
72        <receiver
72-->src\main\AndroidManifest.xml:53:9-62:20
73            android:name="com.example.smartshuffle.ui.widgets.receivers.CyberVolumeWidgetReceiver"
73-->src\main\AndroidManifest.xml:54:13-75
74            android:exported="true" >
74-->src\main\AndroidManifest.xml:55:13-36
75            <intent-filter>
75-->src\main\AndroidManifest.xml:45:13-47:29
76                <action android:name="android.appwidget.action.APPWIDGET_UPDATE" />
76-->src\main\AndroidManifest.xml:46:17-84
76-->src\main\AndroidManifest.xml:46:25-81
77            </intent-filter>
78
79            <meta-data
79-->src\main\AndroidManifest.xml:48:13-50:67
80                android:name="android.appwidget.provider"
80-->src\main\AndroidManifest.xml:49:17-58
81                android:resource="@xml/cyber_volume_widget_info" />
81-->src\main\AndroidManifest.xml:50:17-64
82        </receiver>
83
84        <activity
84-->[androidx.glance:glance-appwidget:1.1.0] AndroidManifest.xml:23:9-28:62
85            android:name="androidx.glance.appwidget.action.ActionTrampolineActivity"
85-->[androidx.glance:glance-appwidget:1.1.0] AndroidManifest.xml:24:13-85
86            android:enabled="true"
86-->[androidx.glance:glance-appwidget:1.1.0] AndroidManifest.xml:25:13-35
87            android:excludeFromRecents="true"
87-->[androidx.glance:glance-appwidget:1.1.0] AndroidManifest.xml:26:13-46
88            android:exported="false"
88-->[androidx.glance:glance-appwidget:1.1.0] AndroidManifest.xml:27:13-37
89            android:theme="@android:style/Theme.NoDisplay" />
89-->[androidx.glance:glance-appwidget:1.1.0] AndroidManifest.xml:28:13-59
90        <activity
90-->[androidx.glance:glance-appwidget:1.1.0] AndroidManifest.xml:29:9-36:81
91            android:name="androidx.glance.appwidget.action.InvisibleActionTrampolineActivity"
91-->[androidx.glance:glance-appwidget:1.1.0] AndroidManifest.xml:30:13-94
92            android:enabled="true"
92-->[androidx.glance:glance-appwidget:1.1.0] AndroidManifest.xml:31:13-35
93            android:exported="false"
93-->[androidx.glance:glance-appwidget:1.1.0] AndroidManifest.xml:32:13-37
94            android:launchMode="singleInstance"
94-->[androidx.glance:glance-appwidget:1.1.0] AndroidManifest.xml:33:13-48
95            android:noHistory="true"
95-->[androidx.glance:glance-appwidget:1.1.0] AndroidManifest.xml:34:13-37
96            android:taskAffinity="androidx.glance.appwidget.ListAdapterCallbackTrampoline"
96-->[androidx.glance:glance-appwidget:1.1.0] AndroidManifest.xml:35:13-91
97            android:theme="@style/Widget.Glance.AppWidget.CallbackTrampoline" />
97-->[androidx.glance:glance-appwidget:1.1.0] AndroidManifest.xml:36:13-78
98
99        <receiver
99-->[androidx.glance:glance-appwidget:1.1.0] AndroidManifest.xml:38:9-41:40
100            android:name="androidx.glance.appwidget.action.ActionCallbackBroadcastReceiver"
100-->[androidx.glance:glance-appwidget:1.1.0] AndroidManifest.xml:39:13-92
101            android:enabled="true"
101-->[androidx.glance:glance-appwidget:1.1.0] AndroidManifest.xml:40:13-35
102            android:exported="false" />
102-->[androidx.glance:glance-appwidget:1.1.0] AndroidManifest.xml:41:13-37
103        <receiver
103-->[androidx.glance:glance-appwidget:1.1.0] AndroidManifest.xml:42:9-45:40
104            android:name="androidx.glance.appwidget.UnmanagedSessionReceiver"
104-->[androidx.glance:glance-appwidget:1.1.0] AndroidManifest.xml:43:13-78
105            android:enabled="true"
105-->[androidx.glance:glance-appwidget:1.1.0] AndroidManifest.xml:44:13-35
106            android:exported="false" />
106-->[androidx.glance:glance-appwidget:1.1.0] AndroidManifest.xml:45:13-37
107        <receiver
107-->[androidx.glance:glance-appwidget:1.1.0] AndroidManifest.xml:46:9-53:20
108            android:name="androidx.glance.appwidget.MyPackageReplacedReceiver"
108-->[androidx.glance:glance-appwidget:1.1.0] AndroidManifest.xml:47:13-79
109            android:enabled="true"
109-->[androidx.glance:glance-appwidget:1.1.0] AndroidManifest.xml:48:13-35
110            android:exported="false" >
110-->[androidx.glance:glance-appwidget:1.1.0] AndroidManifest.xml:49:13-37
111            <intent-filter>
111-->[androidx.glance:glance-appwidget:1.1.0] AndroidManifest.xml:50:13-52:29
112                <action android:name="android.intent.action.MY_PACKAGE_REPLACED" />
112-->[androidx.glance:glance-appwidget:1.1.0] AndroidManifest.xml:51:17-84
112-->[androidx.glance:glance-appwidget:1.1.0] AndroidManifest.xml:51:25-81
113            </intent-filter>
114        </receiver>
115
116        <service
116-->[androidx.glance:glance-appwidget:1.1.0] AndroidManifest.xml:55:9-58:72
117            android:name="androidx.glance.appwidget.GlanceRemoteViewsService"
117-->[androidx.glance:glance-appwidget:1.1.0] AndroidManifest.xml:56:13-78
118            android:exported="true"
118-->[androidx.glance:glance-appwidget:1.1.0] AndroidManifest.xml:57:13-36
119            android:permission="android.permission.BIND_REMOTEVIEWS" />
119-->[androidx.glance:glance-appwidget:1.1.0] AndroidManifest.xml:58:13-69
120
121        <provider
121-->[androidx.work:work-runtime:2.9.0] AndroidManifest.xml:29:9-37:20
122            android:name="androidx.startup.InitializationProvider"
122-->[androidx.work:work-runtime:2.9.0] AndroidManifest.xml:30:13-67
123            android:authorities="com.example.smartshuffle.androidx-startup"
123-->[androidx.work:work-runtime:2.9.0] AndroidManifest.xml:31:13-68
124            android:exported="false" >
124-->[androidx.work:work-runtime:2.9.0] AndroidManifest.xml:32:13-37
125            <meta-data
125-->[androidx.work:work-runtime:2.9.0] AndroidManifest.xml:34:13-36:52
126                android:name="androidx.work.WorkManagerInitializer"
126-->[androidx.work:work-runtime:2.9.0] AndroidManifest.xml:35:17-68
127                android:value="androidx.startup" />
127-->[androidx.work:work-runtime:2.9.0] AndroidManifest.xml:36:17-49
128            <meta-data
128-->[androidx.emoji2:emoji2:1.3.0] AndroidManifest.xml:29:13-31:52
129                android:name="androidx.emoji2.text.EmojiCompatInitializer"
129-->[androidx.emoji2:emoji2:1.3.0] AndroidManifest.xml:30:17-75
130                android:value="androidx.startup" />
130-->[androidx.emoji2:emoji2:1.3.0] AndroidManifest.xml:31:17-49
131            <meta-data
131-->[androidx.lifecycle:lifecycle-process:2.8.5] AndroidManifest.xml:29:13-31:52
132                android:name="androidx.lifecycle.ProcessLifecycleInitializer"
132-->[androidx.lifecycle:lifecycle-process:2.8.5] AndroidManifest.xml:30:17-78
133                android:value="androidx.startup" />
133-->[androidx.lifecycle:lifecycle-process:2.8.5] AndroidManifest.xml:31:17-49
134            <meta-data
134-->[androidx.profileinstaller:profileinstaller:1.3.1] AndroidManifest.xml:29:13-31:52
135                android:name="androidx.profileinstaller.ProfileInstallerInitializer"
135-->[androidx.profileinstaller:profileinstaller:1.3.1] AndroidManifest.xml:30:17-85
136                android:value="androidx.startup" />
136-->[androidx.profileinstaller:profileinstaller:1.3.1] AndroidManifest.xml:31:17-49
137        </provider>
138
139        <service
139-->[androidx.work:work-runtime:2.9.0] AndroidManifest.xml:39:9-45:35
140            android:name="androidx.work.impl.background.systemalarm.SystemAlarmService"
140-->[androidx.work:work-runtime:2.9.0] AndroidManifest.xml:40:13-88
141            android:directBootAware="false"
141-->[androidx.work:work-runtime:2.9.0] AndroidManifest.xml:41:13-44
142            android:enabled="@bool/enable_system_alarm_service_default"
142-->[androidx.work:work-runtime:2.9.0] AndroidManifest.xml:42:13-72
143            android:exported="false" />
143-->[androidx.work:work-runtime:2.9.0] AndroidManifest.xml:43:13-37
144        <service
144-->[androidx.work:work-runtime:2.9.0] AndroidManifest.xml:46:9-52:35
145            android:name="androidx.work.impl.background.systemjob.SystemJobService"
145-->[androidx.work:work-runtime:2.9.0] AndroidManifest.xml:47:13-84
146            android:directBootAware="false"
146-->[androidx.work:work-runtime:2.9.0] AndroidManifest.xml:48:13-44
147            android:enabled="@bool/enable_system_job_service_default"
147-->[androidx.work:work-runtime:2.9.0] AndroidManifest.xml:49:13-70
148            android:exported="true"
148-->[androidx.work:work-runtime:2.9.0] AndroidManifest.xml:50:13-36
149            android:permission="android.permission.BIND_JOB_SERVICE" />
149-->[androidx.work:work-runtime:2.9.0] AndroidManifest.xml:51:13-69
150        <service
150-->[androidx.work:work-runtime:2.9.0] AndroidManifest.xml:53:9-59:35
151            android:name="androidx.work.impl.foreground.SystemForegroundService"
151-->[androidx.work:work-runtime:2.9.0] AndroidManifest.xml:54:13-81
152            android:directBootAware="false"
152-->[androidx.work:work-runtime:2.9.0] AndroidManifest.xml:55:13-44
153            android:enabled="@bool/enable_system_foreground_service_default"
153-->[androidx.work:work-runtime:2.9.0] AndroidManifest.xml:56:13-77
154            android:exported="false" />
154-->[androidx.work:work-runtime:2.9.0] AndroidManifest.xml:57:13-37
155
156        <receiver
156-->[androidx.work:work-runtime:2.9.0] AndroidManifest.xml:61:9-66:35
157            android:name="androidx.work.impl.utils.ForceStopRunnable$BroadcastReceiver"
157-->[androidx.work:work-runtime:2.9.0] AndroidManifest.xml:62:13-88
158            android:directBootAware="false"
158-->[androidx.work:work-runtime:2.9.0] AndroidManifest.xml:63:13-44
159            android:enabled="true"
159-->[androidx.work:work-runtime:2.9.0] AndroidManifest.xml:64:13-35
160            android:exported="false" />
160-->[androidx.work:work-runtime:2.9.0] AndroidManifest.xml:65:13-37
161        <receiver
161-->[androidx.work:work-runtime:2.9.0] AndroidManifest.xml:67:9-77:20
162            android:name="androidx.work.impl.background.systemalarm.ConstraintProxy$BatteryChargingProxy"
162-->[androidx.work:work-runtime:2.9.0] AndroidManifest.xml:68:13-106
163            android:directBootAware="false"
163-->[androidx.work:work-runtime:2.9.0] AndroidManifest.xml:69:13-44
164            android:enabled="false"
164-->[androidx.work:work-runtime:2.9.0] AndroidManifest.xml:70:13-36
165            android:exported="false" >
165-->[androidx.work:work-runtime:2.9.0] AndroidManifest.xml:71:13-37
166            <intent-filter>
166-->[androidx.work:work-runtime:2.9.0] AndroidManifest.xml:73:13-76:29
167                <action android:name="android.intent.action.ACTION_POWER_CONNECTED" />
167-->[androidx.work:work-runtime:2.9.0] AndroidManifest.xml:74:17-87
167-->[androidx.work:work-runtime:2.9.0] AndroidManifest.xml:74:25-84
168                <action android:name="android.intent.action.ACTION_POWER_DISCONNECTED" />
168-->[androidx.work:work-runtime:2.9.0] AndroidManifest.xml:75:17-90
168-->[androidx.work:work-runtime:2.9.0] AndroidManifest.xml:75:25-87
169            </intent-filter>
170        </receiver>
171        <receiver
171-->[androidx.work:work-runtime:2.9.0] AndroidManifest.xml:78:9-88:20
172            android:name="androidx.work.impl.background.systemalarm.ConstraintProxy$BatteryNotLowProxy"
172-->[androidx.work:work-runtime:2.9.0] AndroidManifest.xml:79:13-104
173            android:directBootAware="false"
173-->[androidx.work:work-runtime:2.9.0] AndroidManifest.xml:80:13-44
174            android:enabled="false"
174-->[androidx.work:work-runtime:2.9.0] AndroidManifest.xml:81:13-36
175            android:exported="false" >
175-->[androidx.work:work-runtime:2.9.0] AndroidManifest.xml:82:13-37
176            <intent-filter>
176-->[androidx.work:work-runtime:2.9.0] AndroidManifest.xml:84:13-87:29
177                <action android:name="android.intent.action.BATTERY_OKAY" />
177-->[androidx.work:work-runtime:2.9.0] AndroidManifest.xml:85:17-77
177-->[androidx.work:work-runtime:2.9.0] AndroidManifest.xml:85:25-74
178                <action android:name="android.intent.action.BATTERY_LOW" />
178-->[androidx.work:work-runtime:2.9.0] AndroidManifest.xml:86:17-76
178-->[androidx.work:work-runtime:2.9.0] AndroidManifest.xml:86:25-73
179            </intent-filter>
180        </receiver>
181        <receiver
181-->[androidx.work:work-runtime:2.9.0] AndroidManifest.xml:89:9-99:20
182            android:name="androidx.work.impl.background.systemalarm.ConstraintProxy$StorageNotLowProxy"
182-->[androidx.work:work-runtime:2.9.0] AndroidManifest.xml:90:13-104
183            android:directBootAware="false"
183-->[androidx.work:work-runtime:2.9.0] AndroidManifest.xml:91:13-44
184            android:enabled="false"
184-->[androidx.work:work-runtime:2.9.0] AndroidManifest.xml:92:13-36
185            android:exported="false" >
185-->[androidx.work:work-runtime:2.9.0] AndroidManifest.xml:93:13-37
186            <intent-filter>
186-->[androidx.work:work-runtime:2.9.0] AndroidManifest.xml:95:13-98:29
187                <action android:name="android.intent.action.DEVICE_STORAGE_LOW" />
187-->[androidx.work:work-runtime:2.9.0] AndroidManifest.xml:96:17-83
187-->[androidx.work:work-runtime:2.9.0] AndroidManifest.xml:96:25-80
188                <action android:name="android.intent.action.DEVICE_STORAGE_OK" />
188-->[androidx.work:work-runtime:2.9.0] AndroidManifest.xml:97:17-82
188-->[androidx.work:work-runtime:2.9.0] AndroidManifest.xml:97:25-79
189            </intent-filter>
190        </receiver>
191        <receiver
191-->[androidx.work:work-runtime:2.9.0] AndroidManifest.xml:100:9-109:20
192            android:name="androidx.work.impl.background.systemalarm.ConstraintProxy$NetworkStateProxy"
192-->[androidx.work:work-runtime:2.9.0] AndroidManifest.xml:101:13-103
193            android:directBootAware="false"
193-->[androidx.work:work-runtime:2.9.0] AndroidManifest.xml:102:13-44
194            android:enabled="false"
194-->[androidx.work:work-runtime:2.9.0] AndroidManifest.xml:103:13-36
195            android:exported="false" >
195-->[androidx.work:work-runtime:2.9.0] AndroidManifest.xml:104:13-37
196            <intent-filter>
196-->[androidx.work:work-runtime:2.9.0] AndroidManifest.xml:106:13-108:29
197                <action android:name="android.net.conn.CONNECTIVITY_CHANGE" />
197-->[androidx.work:work-runtime:2.9.0] AndroidManifest.xml:107:17-79
197-->[androidx.work:work-runtime:2.9.0] AndroidManifest.xml:107:25-76
198            </intent-filter>
199        </receiver>
200        <receiver
200-->[androidx.work:work-runtime:2.9.0] AndroidManifest.xml:110:9-121:20
201            android:name="androidx.work.impl.background.systemalarm.RescheduleReceiver"
201-->[androidx.work:work-runtime:2.9.0] AndroidManifest.xml:111:13-88
202            android:directBootAware="false"
202-->[androidx.work:work-runtime:2.9.0] AndroidManifest.xml:112:13-44
203            android:enabled="false"
203-->[androidx.work:work-runtime:2.9.0] AndroidManifest.xml:113:13-36
204            android:exported="false" >
204-->[androidx.work:work-runtime:2.9.0] AndroidManifest.xml:114:13-37
205            <intent-filter>
205-->[androidx.work:work-runtime:2.9.0] AndroidManifest.xml:116:13-120:29
206                <action android:name="android.intent.action.BOOT_COMPLETED" />
206-->[androidx.work:work-runtime:2.9.0] AndroidManifest.xml:117:17-79
206-->[androidx.work:work-runtime:2.9.0] AndroidManifest.xml:117:25-76
207                <action android:name="android.intent.action.TIME_SET" />
207-->[androidx.work:work-runtime:2.9.0] AndroidManifest.xml:118:17-73
207-->[androidx.work:work-runtime:2.9.0] AndroidManifest.xml:118:25-70
208                <action android:name="android.intent.action.TIMEZONE_CHANGED" />
208-->[androidx.work:work-runtime:2.9.0] AndroidManifest.xml:119:17-81
208-->[androidx.work:work-runtime:2.9.0] AndroidManifest.xml:119:25-78
209            </intent-filter>
210        </receiver>
211        <receiver
211-->[androidx.work:work-runtime:2.9.0] AndroidManifest.xml:122:9-131:20
212            android:name="androidx.work.impl.background.systemalarm.ConstraintProxyUpdateReceiver"
212-->[androidx.work:work-runtime:2.9.0] AndroidManifest.xml:123:13-99
213            android:directBootAware="false"
213-->[androidx.work:work-runtime:2.9.0] AndroidManifest.xml:124:13-44
214            android:enabled="@bool/enable_system_alarm_service_default"
214-->[androidx.work:work-runtime:2.9.0] AndroidManifest.xml:125:13-72
215            android:exported="false" >
215-->[androidx.work:work-runtime:2.9.0] AndroidManifest.xml:126:13-37
216            <intent-filter>
216-->[androidx.work:work-runtime:2.9.0] AndroidManifest.xml:128:13-130:29
217                <action android:name="androidx.work.impl.background.systemalarm.UpdateProxies" />
217-->[androidx.work:work-runtime:2.9.0] AndroidManifest.xml:129:17-98
217-->[androidx.work:work-runtime:2.9.0] AndroidManifest.xml:129:25-95
218            </intent-filter>
219        </receiver>
220        <receiver
220-->[androidx.work:work-runtime:2.9.0] AndroidManifest.xml:132:9-142:20
221            android:name="androidx.work.impl.diagnostics.DiagnosticsReceiver"
221-->[androidx.work:work-runtime:2.9.0] AndroidManifest.xml:133:13-78
222            android:directBootAware="false"
222-->[androidx.work:work-runtime:2.9.0] AndroidManifest.xml:134:13-44
223            android:enabled="true"
223-->[androidx.work:work-runtime:2.9.0] AndroidManifest.xml:135:13-35
224            android:exported="true"
224-->[androidx.work:work-runtime:2.9.0] AndroidManifest.xml:136:13-36
225            android:permission="android.permission.DUMP" >
225-->[androidx.work:work-runtime:2.9.0] AndroidManifest.xml:137:13-57
226            <intent-filter>
226-->[androidx.work:work-runtime:2.9.0] AndroidManifest.xml:139:13-141:29
227                <action android:name="androidx.work.diagnostics.REQUEST_DIAGNOSTICS" />
227-->[androidx.work:work-runtime:2.9.0] AndroidManifest.xml:140:17-88
227-->[androidx.work:work-runtime:2.9.0] AndroidManifest.xml:140:25-85
228            </intent-filter>
229        </receiver>
230
231        <service
231-->[androidx.core:core-remoteviews:1.1.0] AndroidManifest.xml:24:9-27:63
232            android:name="androidx.core.widget.RemoteViewsCompatService"
232-->[androidx.core:core-remoteviews:1.1.0] AndroidManifest.xml:25:13-73
233            android:permission="android.permission.BIND_REMOTEVIEWS" />
233-->[androidx.core:core-remoteviews:1.1.0] AndroidManifest.xml:26:13-69
234        <service
234-->[androidx.room:room-runtime:2.6.1] AndroidManifest.xml:24:9-28:63
235            android:name="androidx.room.MultiInstanceInvalidationService"
235-->[androidx.room:room-runtime:2.6.1] AndroidManifest.xml:25:13-74
236            android:directBootAware="true"
236-->[androidx.room:room-runtime:2.6.1] AndroidManifest.xml:26:13-43
237            android:exported="false" />
237-->[androidx.room:room-runtime:2.6.1] AndroidManifest.xml:27:13-37
238
239        <receiver
239-->[androidx.profileinstaller:profileinstaller:1.3.1] AndroidManifest.xml:34:9-52:20
240            android:name="androidx.profileinstaller.ProfileInstallReceiver"
240-->[androidx.profileinstaller:profileinstaller:1.3.1] AndroidManifest.xml:35:13-76
241            android:directBootAware="false"
241-->[androidx.profileinstaller:profileinstaller:1.3.1] AndroidManifest.xml:36:13-44
242            android:enabled="true"
242-->[androidx.profileinstaller:profileinstaller:1.3.1] AndroidManifest.xml:37:13-35
243            android:exported="true"
243-->[androidx.profileinstaller:profileinstaller:1.3.1] AndroidManifest.xml:38:13-36
244            android:permission="android.permission.DUMP" >
244-->[androidx.profileinstaller:profileinstaller:1.3.1] AndroidManifest.xml:39:13-57
245            <intent-filter>
245-->[androidx.profileinstaller:profileinstaller:1.3.1] AndroidManifest.xml:40:13-42:29
246                <action android:name="androidx.profileinstaller.action.INSTALL_PROFILE" />
246-->[androidx.profileinstaller:profileinstaller:1.3.1] AndroidManifest.xml:41:17-91
246-->[androidx.profileinstaller:profileinstaller:1.3.1] AndroidManifest.xml:41:25-88
247            </intent-filter>
248            <intent-filter>
248-->[androidx.profileinstaller:profileinstaller:1.3.1] AndroidManifest.xml:43:13-45:29
249                <action android:name="androidx.profileinstaller.action.SKIP_FILE" />
249-->[androidx.profileinstaller:profileinstaller:1.3.1] AndroidManifest.xml:44:17-85
249-->[androidx.profileinstaller:profileinstaller:1.3.1] AndroidManifest.xml:44:25-82
250            </intent-filter>
251            <intent-filter>
251-->[androidx.profileinstaller:profileinstaller:1.3.1] AndroidManifest.xml:46:13-48:29
252                <action android:name="androidx.profileinstaller.action.SAVE_PROFILE" />
252-->[androidx.profileinstaller:profileinstaller:1.3.1] AndroidManifest.xml:47:17-88
252-->[androidx.profileinstaller:profileinstaller:1.3.1] AndroidManifest.xml:47:25-85
253            </intent-filter>
254            <intent-filter>
254-->[androidx.profileinstaller:profileinstaller:1.3.1] AndroidManifest.xml:49:13-51:29
255                <action android:name="androidx.profileinstaller.action.BENCHMARK_OPERATION" />
255-->[androidx.profileinstaller:profileinstaller:1.3.1] AndroidManifest.xml:50:17-95
255-->[androidx.profileinstaller:profileinstaller:1.3.1] AndroidManifest.xml:50:25-92
256            </intent-filter>
257        </receiver>
258    </application>
259
260</manifest>